<?xml version="1.0" encoding="UTF-8"?>
<!-- Generated by org.testng.reporters.JUnitReportReporter -->
<testsuite skipped="0" hostname="Rohiths-MacBook-Pro.local" name="testCases.setuTest" tests="2" failures="0" timestamp="22 Jul 2020 16:07:54 GMT" time="41.721" errors="0">
  <testcase name="login" time="5.349" classname="testCases.setuTest"/>
  <testcase name="testCaseOne" time="36.372" classname="testCases.setuTest"/>
</testsuite> <!-- testCases.setuTest -->
