<?xml version="1.0" encoding="UTF-8"?>
<!-- Generated by org.testng.reporters.JUnitReportReporter -->
<testsuite skipped="0" hostname="Rohiths-MacBook-Pro.local" name="testCases.setuTest" tests="2" failures="0" timestamp="22 Jul 2020 15:27:15 GMT" time="33.256" errors="0">
  <testcase name="login" time="6.086" classname="testCases.setuTest"/>
  <testcase name="testCaseOne" time="27.170" classname="testCases.setuTest"/>
</testsuite> <!-- testCases.setuTest -->
